<?xml version="1.0" encoding="UTF-8"?>
<!-- Generated by org.testng.reporters.JUnitReportReporter -->
<testsuite ignored="0" hostname="DESKTOP-OFHH9LR" failures="0" tests="3" name="testCase.TestCase" time="87.790" errors="0" timestamp="20 Jan 2023 13:08:53 GMT" skipped="0">
  <testcase classname="testCase.TestCase" name="updateIncident" time="27.539"/>
  <testcase classname="testCase.TestCase" name="createIncident" time="34.175"/>
  <testcase classname="testCase.TestCase" name="DeleteIncident" time="26.076"/>
</testsuite> <!-- testCase.TestCase -->
